#! /usr/bin/vvp
:ivl_version "10.3 (stable)";
:ivl_delay_selection "TYPICAL";
:vpi_time_precision + 0;
:vpi_module "system";
:vpi_module "vhdl_sys";
:vpi_module "v2005_math";
:vpi_module "va_math";
S_0x7ffff344dd40 .scope module, "main" "main" 2 1;
 .timescale 0 0;
v0x7ffff344dec0 .array "b", 15 0, 7 0;
v0x7ffff344df60_0 .var "i", 7 0;
v0x7ffff3460720_0 .var "j", 7 0;
v0x7ffff34607e0_0 .var "string_test", 112 1;
    .scope S_0x7ffff344dd40;
T_0 ;
    %pushi/vec4 0, 0, 32; draw_string_vec4
    %pushi/vec4 0, 0, 32; draw_string_vec4
    %concat/vec4; draw_string_vec4
    %pushi/vec4 0, 0, 32; draw_string_vec4
    %concat/vec4; draw_string_vec4
    %pushi/vec4 24932, 0, 16; draw_string_vec4
    %concat/vec4; draw_string_vec4
    %store/vec4 v0x7ffff34607e0_0, 0, 112;
    %end;
    .thread T_0;
    .scope S_0x7ffff344dd40;
T_1 ;
    %pushi/vec4 0, 0, 8;
    %store/vec4 v0x7ffff344df60_0, 0, 8;
T_1.0 ;
    %load/vec4 v0x7ffff344df60_0;
    %pad/u 32;
    %cmpi/u 3, 0, 32;
    %flag_or 5, 4;
    %jmp/0xz T_1.1, 5;
    %pushi/vec4 0, 0, 8;
    %store/vec4 v0x7ffff3460720_0, 0, 8;
T_1.2 ;
    %load/vec4 v0x7ffff3460720_0;
    %pad/u 32;
    %cmpi/u 3, 0, 32;
    %flag_or 5, 4;
    %jmp/0xz T_1.3, 5;
    %load/vec4 v0x7ffff344df60_0;
    %load/vec4 v0x7ffff3460720_0;
    %mul;
    %load/vec4 v0x7ffff344df60_0;
    %pad/u 11;
    %pad/u 13;
    %muli 4, 0, 13;
    %pad/u 14;
    %load/vec4 v0x7ffff3460720_0;
    %pad/u 14;
    %add;
    %ix/vec4 4;
    %store/vec4a v0x7ffff344dec0, 4, 0;
    %load/vec4 v0x7ffff3460720_0;
    %pushi/vec4 1, 0, 8;
    %add;
    %store/vec4 v0x7ffff3460720_0, 0, 8;
    %jmp T_1.2;
T_1.3 ;
    %load/vec4 v0x7ffff344df60_0;
    %pushi/vec4 1, 0, 8;
    %add;
    %store/vec4 v0x7ffff344df60_0, 0, 8;
    %jmp T_1.0;
T_1.1 ;
    %pushi/vec4 0, 0, 8;
    %store/vec4 v0x7ffff344df60_0, 0, 8;
T_1.4 ;
    %load/vec4 v0x7ffff344df60_0;
    %pad/u 32;
    %cmpi/u 3, 0, 32;
    %flag_or 5, 4;
    %jmp/0xz T_1.5, 5;
    %pushi/vec4 0, 0, 8;
    %store/vec4 v0x7ffff3460720_0, 0, 8;
T_1.6 ;
    %load/vec4 v0x7ffff3460720_0;
    %pad/u 32;
    %cmpi/u 3, 0, 32;
    %flag_or 5, 4;
    %jmp/0xz T_1.7, 5;
    %load/vec4 v0x7ffff344df60_0;
    %pad/u 11;
    %pad/u 13;
    %muli 4, 0, 13;
    %pad/u 14;
    %load/vec4 v0x7ffff3460720_0;
    %pad/u 14;
    %add;
    %ix/vec4 4;
    %load/vec4a v0x7ffff344dec0, 4;
    %vpi_call 2 36 "$write", S<0,vec4,u8> {1 0 0};
    %load/vec4 v0x7ffff3460720_0;
    %pushi/vec4 1, 0, 8;
    %add;
    %store/vec4 v0x7ffff3460720_0, 0, 8;
    %jmp T_1.6;
T_1.7 ;
    %vpi_call 2 38 "$display" {0 0 0};
    %load/vec4 v0x7ffff344df60_0;
    %pushi/vec4 1, 0, 8;
    %add;
    %store/vec4 v0x7ffff344df60_0, 0, 8;
    %jmp T_1.4;
T_1.5 ;
    %end;
    .thread T_1;
# The file index is used to find the file name in the following table.
:file_names 3;
    "N/A";
    "<interactive>";
    "nn.v";
